D:\Visual studio\Common7\IDE\VC\VCTargets\Microsoft.CppBuild.targets(391,5): warning MSB8028: 중간 디렉터리(x64\Debug\)에 다른 프로젝트(Youngjin's_Adventure.vcxproj)에서 공유하는 파일이 포함되어 있습니다.  이로 인해 잘못된 정리 및 다시 빌드 동작이 수행될 수 있습니다.
  story.c
c:\users\dsm2018\desktop\소스 코드\redflavor\youngjin's_adventure(2)\youngjin's_adventure\story.c(31): warning C4013: 'messagePrint'이(가) 정의되지 않았습니다. extern은 int형을 반환하는 것으로 간주합니다.
c:\users\dsm2018\desktop\소스 코드\redflavor\youngjin's_adventure(2)\youngjin's_adventure\story.c(61): warning C4996: 'scanf': This function or variable may be unsafe. Consider using scanf_s instead. To disable deprecation, use _CRT_SECURE_NO_WARNINGS. See online help for details.
  c:\program files (x86)\windows kits\10\include\10.0.16299.0\ucrt\stdio.h(1272): note: 'scanf' 선언을 참조하십시오.
c:\users\dsm2018\desktop\소스 코드\redflavor\youngjin's_adventure(2)\youngjin's_adventure\story.c(108): warning C4098: 'Menu': 'void' 함수에서 값을 반환하고 있습니다.
c:\users\dsm2018\desktop\소스 코드\redflavor\youngjin's_adventure(2)\youngjin's_adventure\story.c(84): warning C4996: 'scanf': This function or variable may be unsafe. Consider using scanf_s instead. To disable deprecation, use _CRT_SECURE_NO_WARNINGS. See online help for details.
  c:\program files (x86)\windows kits\10\include\10.0.16299.0\ucrt\stdio.h(1272): note: 'scanf' 선언을 참조하십시오.
c:\users\dsm2018\desktop\소스 코드\redflavor\youngjin's_adventure(2)\youngjin's_adventure\story.c(139): warning C4996: 'scanf': This function or variable may be unsafe. Consider using scanf_s instead. To disable deprecation, use _CRT_SECURE_NO_WARNINGS. See online help for details.
  c:\program files (x86)\windows kits\10\include\10.0.16299.0\ucrt\stdio.h(1272): note: 'scanf' 선언을 참조하십시오.
c:\users\dsm2018\desktop\소스 코드\redflavor\youngjin's_adventure(2)\youngjin's_adventure\story.c(157): warning C4996: 'scanf': This function or variable may be unsafe. Consider using scanf_s instead. To disable deprecation, use _CRT_SECURE_NO_WARNINGS. See online help for details.
  c:\program files (x86)\windows kits\10\include\10.0.16299.0\ucrt\stdio.h(1272): note: 'scanf' 선언을 참조하십시오.
c:\users\dsm2018\desktop\소스 코드\redflavor\youngjin's_adventure(2)\youngjin's_adventure\story.c(177): warning C4996: 'scanf': This function or variable may be unsafe. Consider using scanf_s instead. To disable deprecation, use _CRT_SECURE_NO_WARNINGS. See online help for details.
  c:\program files (x86)\windows kits\10\include\10.0.16299.0\ucrt\stdio.h(1272): note: 'scanf' 선언을 참조하십시오.
c:\users\dsm2018\desktop\소스 코드\redflavor\youngjin's_adventure(2)\youngjin's_adventure\story.c(196): warning C4996: 'scanf': This function or variable may be unsafe. Consider using scanf_s instead. To disable deprecation, use _CRT_SECURE_NO_WARNINGS. See online help for details.
  c:\program files (x86)\windows kits\10\include\10.0.16299.0\ucrt\stdio.h(1272): note: 'scanf' 선언을 참조하십시오.
c:\users\dsm2018\desktop\소스 코드\redflavor\youngjin's_adventure(2)\youngjin's_adventure\story.c(277): warning C4098: 'K_menu': 'void' 함수에서 값을 반환하고 있습니다.
c:\users\dsm2018\desktop\소스 코드\redflavor\youngjin's_adventure(2)\youngjin's_adventure\story.c(252): warning C4996: 'scanf': This function or variable may be unsafe. Consider using scanf_s instead. To disable deprecation, use _CRT_SECURE_NO_WARNINGS. See online help for details.
  c:\program files (x86)\windows kits\10\include\10.0.16299.0\ucrt\stdio.h(1272): note: 'scanf' 선언을 참조하십시오.
c:\users\dsm2018\desktop\소스 코드\redflavor\youngjin's_adventure(2)\youngjin's_adventure\story.c(312): warning C4996: 'scanf': This function or variable may be unsafe. Consider using scanf_s instead. To disable deprecation, use _CRT_SECURE_NO_WARNINGS. See online help for details.
  c:\program files (x86)\windows kits\10\include\10.0.16299.0\ucrt\stdio.h(1272): note: 'scanf' 선언을 참조하십시오.
c:\users\dsm2018\desktop\소스 코드\redflavor\youngjin's_adventure(2)\youngjin's_adventure\story.c(330): warning C4996: 'scanf': This function or variable may be unsafe. Consider using scanf_s instead. To disable deprecation, use _CRT_SECURE_NO_WARNINGS. See online help for details.
  c:\program files (x86)\windows kits\10\include\10.0.16299.0\ucrt\stdio.h(1272): note: 'scanf' 선언을 참조하십시오.
c:\users\dsm2018\desktop\소스 코드\redflavor\youngjin's_adventure(2)\youngjin's_adventure\story.c(350): warning C4996: 'scanf': This function or variable may be unsafe. Consider using scanf_s instead. To disable deprecation, use _CRT_SECURE_NO_WARNINGS. See online help for details.
  c:\program files (x86)\windows kits\10\include\10.0.16299.0\ucrt\stdio.h(1272): note: 'scanf' 선언을 참조하십시오.
c:\users\dsm2018\desktop\소스 코드\redflavor\youngjin's_adventure(2)\youngjin's_adventure\story.c(369): warning C4996: 'scanf': This function or variable may be unsafe. Consider using scanf_s instead. To disable deprecation, use _CRT_SECURE_NO_WARNINGS. See online help for details.
  c:\program files (x86)\windows kits\10\include\10.0.16299.0\ucrt\stdio.h(1272): note: 'scanf' 선언을 참조하십시오.
  Youngjin's_Adventure.vcxproj -> C:\Users\DSM2018\Desktop\소스 코드\RedFlavor\Youngjin's_Adventure(2)\x64\Debug\Youngjin's_Adventure(2).exe
