  BST.c
c:\users\dsm2018\desktop\소스 코드\redflavor\bst_dictionary2\bst_dictionary2\bst.c(18): warning C4133: '=': 'BTreeNode *'과(와) 'BTreeNode *' 사이의 형식이 호환되지 않습니다.
c:\users\dsm2018\desktop\소스 코드\redflavor\bst_dictionary2\bst_dictionary2\bst.c(22): warning C4133: '=': 'BTreeNode *'과(와) 'BTreeNode *' 사이의 형식이 호환되지 않습니다.
c:\users\dsm2018\desktop\소스 코드\redflavor\bst_dictionary2\bst_dictionary2\bst.c(34): warning C4133: '=': 'BTreeNode *'과(와) 'BTreeNode *' 사이의 형식이 호환되지 않습니다.
c:\users\dsm2018\desktop\소스 코드\redflavor\bst_dictionary2\bst_dictionary2\bst.c(38): warning C4133: '=': 'BTreeNode *'과(와) 'BTreeNode *' 사이의 형식이 호환되지 않습니다.
c:\users\dsm2018\desktop\소스 코드\redflavor\bst_dictionary2\bst_dictionary2\bst.c(50): warning C4133: '=': 'BTreeNode *'과(와) 'BTreeNode *' 사이의 형식이 호환되지 않습니다.
c:\users\dsm2018\desktop\소스 코드\redflavor\bst_dictionary2\bst_dictionary2\bst.c(51): warning C4133: '=': 'BTreeNode *'과(와) 'BTreeNode *' 사이의 형식이 호환되지 않습니다.
c:\users\dsm2018\desktop\소스 코드\redflavor\bst_dictionary2\bst_dictionary2\bst.c(61): warning C4133: '함수': 'BTreeNode *'과(와) 'BTreeNode *' 사이의 형식이 호환되지 않습니다.
c:\users\dsm2018\desktop\소스 코드\redflavor\bst_dictionary2\bst_dictionary2\bst.c(66): warning C4047: '==': 'int'의 간접 참조 수준이 'void *'과(와) 다릅니다.
c:\users\dsm2018\desktop\소스 코드\redflavor\bst_dictionary2\bst_dictionary2\bst.c(69): warning C4133: '함수': 'BTreeNode *'과(와) 'BTreeNode *' 사이의 형식이 호환되지 않습니다.
c:\users\dsm2018\desktop\소스 코드\redflavor\bst_dictionary2\bst_dictionary2\bst.c(85): warning C4133: '=': 'BTreeNode *'과(와) 'BTreeNode *' 사이의 형식이 호환되지 않습니다.
c:\users\dsm2018\desktop\소스 코드\redflavor\bst_dictionary2\bst_dictionary2\bst.c(88): warning C4133: '=': 'BTreeNode *'과(와) 'BTreeNode *' 사이의 형식이 호환되지 않습니다.
c:\users\dsm2018\desktop\소스 코드\redflavor\bst_dictionary2\bst_dictionary2\bst.c(98): warning C4133: '==': 'BTreeNode *'과(와) 'BTreeNode *' 사이의 형식이 호환되지 않습니다.
c:\users\dsm2018\desktop\소스 코드\redflavor\bst_dictionary2\bst_dictionary2\bst.c(104): warning C4133: '=': 'BTreeNode *'과(와) 'BTreeNode *' 사이의 형식이 호환되지 않습니다.
c:\users\dsm2018\desktop\소스 코드\redflavor\bst_dictionary2\bst_dictionary2\bst.c(105): warning C4133: '=': 'BTreeNode *'과(와) 'BTreeNode *' 사이의 형식이 호환되지 않습니다.
c:\users\dsm2018\desktop\소스 코드\redflavor\bst_dictionary2\bst_dictionary2\bst.c(108): warning C4133: '==': 'BTreeNode *'과(와) 'BTreeNode *' 사이의 형식이 호환되지 않습니다.
c:\users\dsm2018\desktop\소스 코드\redflavor\bst_dictionary2\bst_dictionary2\bst.c(108): warning C4133: '=': 'BTreeNode *'과(와) 'BTreeNode *' 사이의 형식이 호환되지 않습니다.
c:\users\dsm2018\desktop\소스 코드\redflavor\bst_dictionary2\bst_dictionary2\bst.c(109): warning C4133: '=': 'BTreeNode *'과(와) 'BTreeNode *' 사이의 형식이 호환되지 않습니다.
c:\users\dsm2018\desktop\소스 코드\redflavor\bst_dictionary2\bst_dictionary2\bst.c(115): warning C4133: '=': 'BTreeNode *'과(와) 'BTreeNode *' 사이의 형식이 호환되지 않습니다.
c:\users\dsm2018\desktop\소스 코드\redflavor\bst_dictionary2\bst_dictionary2\bst.c(118): warning C4133: '=': 'BTreeNode *'과(와) 'BTreeNode *' 사이의 형식이 호환되지 않습니다.
c:\users\dsm2018\desktop\소스 코드\redflavor\bst_dictionary2\bst_dictionary2\bst.c(120): warning C4133: '==': 'BTreeNode *'과(와) 'BTreeNode *' 사이의 형식이 호환되지 않습니다.
  Display.c
c:\users\dsm2018\desktop\소스 코드\redflavor\bst_dictionary2\bst_dictionary2\display.c(33): warning C4013: 'gets'이(가) 정의되지 않았습니다. extern은 int형을 반환하는 것으로 간주합니다.
c:\users\dsm2018\desktop\소스 코드\redflavor\bst_dictionary2\bst_dictionary2\display.c(36): warning C4013: 'InputNode'이(가) 정의되지 않았습니다. extern은 int형을 반환하는 것으로 간주합니다.
c:\users\dsm2018\desktop\소스 코드\redflavor\bst_dictionary2\bst_dictionary2\display.c(42): warning C4013: 'SearchNode'이(가) 정의되지 않았습니다. extern은 int형을 반환하는 것으로 간주합니다.
c:\users\dsm2018\desktop\소스 코드\redflavor\bst_dictionary2\bst_dictionary2\display.c(42): warning C4047: '=': 'BTreeNode *'의 간접 참조 수준이 'int'과(와) 다릅니다.
c:\users\dsm2018\desktop\소스 코드\redflavor\bst_dictionary2\bst_dictionary2\display.c(52): warning C4013: 'PrintNode'이(가) 정의되지 않았습니다. extern은 int형을 반환하는 것으로 간주합니다.
c:\users\dsm2018\desktop\소스 코드\redflavor\bst_dictionary2\bst_dictionary2\display.c(58): warning C4013: 'DeleteNode'이(가) 정의되지 않았습니다. extern은 int형을 반환하는 것으로 간주합니다.
c:\users\dsm2018\desktop\소스 코드\redflavor\bst_dictionary2\bst_dictionary2\display.c(27): warning C4996: 'scanf': This function or variable may be unsafe. Consider using scanf_s instead. To disable deprecation, use _CRT_SECURE_NO_WARNINGS. See online help for details.
  c:\program files (x86)\windows kits\10\include\10.0.17134.0\ucrt\stdio.h(1274): note: 'scanf' 선언을 참조하십시오.
  main.c
c:\users\dsm2018\desktop\소스 코드\redflavor\bst_dictionary2\bst_dictionary2\main.c(6): warning C4013: 'Input'이(가) 정의되지 않았습니다. extern은 int형을 반환하는 것으로 간주합니다.
  코드를 생성하고 있습니다...
  BST_Dictionary2.vcxproj -> C:\Users\DSM2018\Desktop\소스 코드\RedFlavor\BST_Dictionary2\Debug\BST_Dictionary2.exe
